#-----------------------------------------------------------
# xsim v2020.1 (64-bit)
# SW Build 2902540 on Wed May 27 19:54:49 MDT 2020
# IP Build 2902112 on Wed May 27 22:43:36 MDT 2020
# Start of session at: Wed Feb 25 14:30:09 2026
# Process ID: 31688
# Current directory: C:/Users/marco/Desktop/LAE/Simon/work/sim
# Command line: xsim.exe -log C:/Users/marco/Desktop/LAE/Simon/work/sim/../../log/simulate.log -source {xsim.dir/tb_Whack/xsim_script.tcl}
# Log file: C:/Users/marco/Desktop/LAE/Simon/work/sim/../../log/simulate.log
# Journal file: C:/Users/marco/Desktop/LAE/Simon/work/sim\xsim.jou
#-----------------------------------------------------------
start_gui
source xsim.dir/tb_Whack/xsim_script.tcl
# set_param project.enableReportConfiguration 0
# load_feature core
# current_fileset
INFO: [IP_Flow 19-234] Refreshing IP repositories
INFO: [IP_Flow 19-1704] No user IP repositories specified
INFO: [IP_Flow 19-2313] Loaded Vivado IP repository 'C:/OPT~1/Xilinx/Vivado/2020.1/data/ip'.
current_fileset: Time (s): cpu = 00:00:13 ; elapsed = 00:00:08 . Memory (MB): peak = 1158.000 ; gain = 0.000
# xsim {tb_Whack} -wdb {tb_Whack.wdb} -autoloadwcfg -tclbatch {C:/Users/marco/Desktop/LAE/Simon/work/sim/../../scripts/sim/run.tcl} -onerror stop -stats
Vivado Simulator 2020.1
Time resolution is 1 ps
source C:/Users/marco/Desktop/LAE/Simon/work/sim/../../scripts/sim/run.tcl
## set tclStart [clock seconds]
## set scriptsDir [pwd]/../../scripts
## if { [info procs relaunch] eq "" } {
## 
##    source -notrace -quiet ${scriptsDir}/sim/relaunch.tcl ;  ## but do this only once !
## }
## if { [file exists ${scriptsDir}/sim/probe.tcl] } {
## 
##    source -notrace -quiet ${scriptsDir}/sim/probe.tcl ;   ## use a dedicated script for this task
## }
## run all
$finish called at time : 346220 ns : File "C:/Users/marco/Desktop/LAE/Simon/bench/tb_Whack.v" Line 87
run: Time (s): cpu = 00:01:47 ; elapsed = 00:02:02 . Memory (MB): peak = 1158.000 ; gain = 0.000
## if { [current_vcd -quiet] != "" } {
## 
##    flush_vcd [current_vcd]
##    close_vcd [current_vcd]
## }
## puts "Simulation finished at [current_time]"
Simulation finished at 346220 ns
## set tclStop [clock seconds]
## set tclSeconds [expr ${tclStop} - ${tclStart} ]
## puts "\nTotal elapsed-time for [file normalize [info script]]: [format "%.2f" [expr ${tclSeconds}/60.]] minutes\n"

Total elapsed-time for C:/Users/marco/Desktop/LAE/Simon/scripts/sim/run.tcl: 2.10 minutes

xsim: Time (s): cpu = 00:02:06 ; elapsed = 00:02:11 . Memory (MB): peak = 1158.000 ; gain = 0.000
close_sim
INFO: Simulation Memory Usage: 15876 KB (Peak: 15876 KB)
INFO: Simulation CPU Usage: 24953 ms
INFO: [Simtcl 6-16] Simulation closed
exit
INFO: [Common 17-206] Exiting xsim at Wed Feb 25 14:34:16 2026...
